The system is: Linux - 5.15.0-56-generic - x86_64
Compiling the C compiler identification source file "CMakeCCompilerId.c" succeeded.
Compiler: /usr/bin/cc 
Build flags: 
Id flags:  

The output was:
0


Compilation of the C compiler identification source "CMakeCCompilerId.c" produced "a.out"

The C compiler identification is GNU, found in "/home/charline/Documents/IMAC/2A/IMAC2-PROG/Projet_PROG_MATHS/libRatio/build/CMakeFiles/3.16.3/CompilerIdC/a.out"

Compiling the CXX compiler identification source file "CMakeCXXCompilerId.cpp" succeeded.
Compiler: /usr/bin/c++ 
Build flags: 
Id flags:  

The output was:
0


Compilation of the CXX compiler identification source "CMakeCXXCompilerId.cpp" produced "a.out"

The CXX compiler identification is GNU, found in "/home/charline/Documents/IMAC/2A/IMAC2-PROG/Projet_PROG_MATHS/libRatio/build/CMakeFiles/3.16.3/CompilerIdCXX/a.out"

Determining if the C compiler works passed with the following output:
Change Dir: /home/charline/Documents/IMAC/2A/IMAC2-PROG/Projet_PROG_MATHS/libRatio/build/CMakeFiles/CMakeTmp

Run Build Command(s):/usr/bin/make cmTC_c760f/fast && /usr/bin/make -f CMakeFiles/cmTC_c760f.dir/build.make CMakeFiles/cmTC_c760f.dir/build
make[1] : on entre dans le répertoire « /Windows/Users/charl/Documents/IMAC/2A/IMAC2-PROG/Projet_PROG_MATHS/libRatio/build/CMakeFiles/CMakeTmp »
Building C object CMakeFiles/cmTC_c760f.dir/testCCompiler.c.o
/usr/bin/cc    -o CMakeFiles/cmTC_c760f.dir/testCCompiler.c.o   -c /home/charline/Documents/IMAC/2A/IMAC2-PROG/Projet_PROG_MATHS/libRatio/build/CMakeFiles/CMakeTmp/testCCompiler.c
Linking C executable cmTC_c760f
/usr/bin/cmake -E cmake_link_script CMakeFiles/cmTC_c760f.dir/link.txt --verbose=1
/usr/bin/cc      CMakeFiles/cmTC_c760f.dir/testCCompiler.c.o  -o cmTC_c760f 
make[1] : on quitte le répertoire « /Windows/Users/charl/Documents/IMAC/2A/IMAC2-PROG/Projet_PROG_MATHS/libRatio/build/CMakeFiles/CMakeTmp »



Determining if the CXX compiler works passed with the following output:
Change Dir: /home/charline/Documents/IMAC/2A/IMAC2-PROG/Projet_PROG_MATHS/libRatio/build/CMakeFiles/CMakeTmp

Run Build Command(s):/usr/bin/make cmTC_3da63/fast && /usr/bin/make -f CMakeFiles/cmTC_3da63.dir/build.make CMakeFiles/cmTC_3da63.dir/build
make[1] : on entre dans le répertoire « /Windows/Users/charl/Documents/IMAC/2A/IMAC2-PROG/Projet_PROG_MATHS/libRatio/build/CMakeFiles/CMakeTmp »
Building CXX object CMakeFiles/cmTC_3da63.dir/testCXXCompiler.cxx.o
/usr/bin/c++     -o CMakeFiles/cmTC_3da63.dir/testCXXCompiler.cxx.o -c /home/charline/Documents/IMAC/2A/IMAC2-PROG/Projet_PROG_MATHS/libRatio/build/CMakeFiles/CMakeTmp/testCXXCompiler.cxx
Linking CXX executable cmTC_3da63
/usr/bin/cmake -E cmake_link_script CMakeFiles/cmTC_3da63.dir/link.txt --verbose=1
/usr/bin/c++       CMakeFiles/cmTC_3da63.dir/testCXXCompiler.cxx.o  -o cmTC_3da63 
make[1] : on quitte le répertoire « /Windows/Users/charl/Documents/IMAC/2A/IMAC2-PROG/Projet_PROG_MATHS/libRatio/build/CMakeFiles/CMakeTmp »



